#
# There is insufficient memory for the Java Runtime Environment to continue.
# Native memory allocation (malloc) failed to allocate 1048576 bytes for AllocateHeap
# Possible reasons:
#   The system is out of physical RAM or swap space
#   In 32 bit mode, the process size limit was hit
# Possible solutions:
#   Reduce memory load on the system
#   Increase physical memory or swap space
#   Check if swap backing store is full
#   Use 64 bit Java on a 64 bit OS
#   Decrease Java heap size (-Xmx/-Xms)
#   Decrease number of Java threads
#   Decrease Java thread stack sizes (-Xss)
#   Set larger code cache with -XX:ReservedCodeCacheSize=
# This output file may be truncated or incomplete.
#
#  Out of Memory Error (memory/allocation.inline.hpp:62), pid=14780, tid=12628
#
# JRE version:  (8.0_25-b18) (build )
# Java VM: Java HotSpot(TM) 64-Bit Server VM (25.25-b02 mixed mode windows-amd64 compressed oops)
# Failed to write core dump. Minidumps are not enabled by default on client versions of Windows
#

---------------  T H R E A D  ---------------

Current thread (0x0000000002bdd800):  JavaThread "Unknown thread" [_thread_in_vm, id=12628, stack(0x0000000002a50000,0x0000000002b50000)]

Stack: [0x0000000002a50000,0x0000000002b50000]
Native frames: (J=compiled Java code, j=interpreted, Vv=VM code, C=native code)
V  [jvm.dll+0x31667a]
V  [jvm.dll+0x267073]
V  [jvm.dll+0x267cb3]
V  [jvm.dll+0x25f5b5]
V  [jvm.dll+0x3aa31f]
V  [jvm.dll+0x3d5f12]
V  [jvm.dll+0x3d629a]
V  [jvm.dll+0x3d1967]
V  [jvm.dll+0xe53f2]
V  [jvm.dll+0x1f9b19]
V  [jvm.dll+0x22b2e4]
V  [jvm.dll+0x14d571]
C  [java.exe+0x20b6]
C  [java.exe+0xc9bb]
C  [java.exe+0xca4f]
C  [KERNEL32.DLL+0x13d2]
C  [ntdll.dll+0x154e4]


---------------  P R O C E S S  ---------------

Java Threads: ( => current thread )

Other Threads:

=>0x0000000002bdd800 (exited) JavaThread "Unknown thread" [_thread_in_vm, id=12628, stack(0x0000000002a50000,0x0000000002b50000)]

VM state:not at safepoint (normal execution)

VM Mutex/Monitor currently owned by a thread: None

Heap:
 PSYoungGen      total 76288K, used 1310K [0x00000000eab00000, 0x00000000f0000000, 0x0000000100000000)
  eden space 65536K, 2% used [0x00000000eab00000,0x00000000eac47af0,0x00000000eeb00000)
  from space 10752K, 0% used [0x00000000ef580000,0x00000000ef580000,0x00000000f0000000)
  to   space 10752K, 0% used [0x00000000eeb00000,0x00000000eeb00000,0x00000000ef580000)
 ParOldGen       total 175104K, used 0K [0x00000000c0000000, 0x00000000cab00000, 0x00000000eab00000)
  object space 175104K, 0% used [0x00000000c0000000,0x00000000c0000000,0x00000000cab00000)
 Metaspace       used 674K, capacity 4480K, committed 4480K, reserved 1056768K
  class space    used 66K, capacity 384K, committed 384K, reserved 1048576K

Card table byte_map: [0x00000000030a0000,0x00000000032b0000] byte_map_base: 0x0000000002aa0000

Marking Bits: (ParMarkBitMap*) 0x000000006546d490
 Begin Bits: [0x0000000003c10000, 0x0000000004c10000)
 End Bits:   [0x0000000004c10000, 0x0000000005c10000)

Polling page: 0x0000000002950000

CodeCache: size=245760Kb used=327Kb max_used=327Kb free=245432Kb
 bounds [0x000000000f010000, 0x000000000f280000, 0x000000001e010000]
 total_blobs=56 nmethods=0 adapters=37
 compilation: enabled

Compilation events (0 events):
No events

GC Heap History (0 events):
No events

Deoptimization events (0 events):
No events

Internal exceptions (0 events):
No events

Events (10 events):
Event: 0.053 loading class java/lang/Short
Event: 0.053 loading class java/lang/Short done
Event: 0.053 loading class java/lang/Integer
Event: 0.054 loading class java/lang/Integer done
Event: 0.054 loading class java/lang/Long
Event: 0.054 loading class java/lang/Long done
Event: 0.054 loading class java/lang/NullPointerException
Event: 0.054 loading class java/lang/NullPointerException done
Event: 0.054 loading class java/lang/ArithmeticException
Event: 0.054 loading class java/lang/ArithmeticException done


Dynamic libraries:
0x00007ff7294c0000 - 0x00007ff7294f4000 	C:\Program Files\Java\jdk1.8.0_25\bin\java.exe
0x00007ff85ead0000 - 0x00007ff85ec7d000 	C:\Windows\SYSTEM32\ntdll.dll
0x00007ff85e3a0000 - 0x00007ff85e4de000 	C:\Windows\system32\KERNEL32.DLL
0x00007ff85c030000 - 0x00007ff85c145000 	C:\Windows\system32\KERNELBASE.dll
0x00007ff85a650000 - 0x00007ff85a6de000 	C:\Windows\system32\apphelp.dll
0x00007ff847cb0000 - 0x00007ff847d03000 	C:\Windows\AppPatch\AppPatch64\AcGenral.DLL
0x00007ff85c380000 - 0x00007ff85c42a000 	C:\Windows\system32\msvcrt.dll
0x00007ff85b990000 - 0x00007ff85b9be000 	C:\Windows\SYSTEM32\SspiCli.dll
0x00007ff85e5a0000 - 0x00007ff85e5f4000 	C:\Windows\system32\SHLWAPI.dll
0x00007ff85e1c0000 - 0x00007ff85e337000 	C:\Windows\system32\USER32.dll
0x00007ff85dcb0000 - 0x00007ff85de44000 	C:\Windows\system32\ole32.dll
0x00007ff85c430000 - 0x00007ff85d95a000 	C:\Windows\system32\SHELL32.dll
0x00007ff85b070000 - 0x00007ff85b091000 	C:\Windows\SYSTEM32\USERENV.dll
0x00007ff85ea20000 - 0x00007ff85eaca000 	C:\Windows\system32\ADVAPI32.dll
0x00007ff852cc0000 - 0x00007ff852cde000 	C:\Windows\SYSTEM32\MPR.dll
0x00007ff85de50000 - 0x00007ff85df91000 	C:\Windows\system32\RPCRT4.dll
0x00007ff85e340000 - 0x00007ff85e399000 	C:\Windows\SYSTEM32\sechost.dll
0x00007ff85c150000 - 0x00007ff85c361000 	C:\Windows\SYSTEM32\combase.dll
0x00007ff85e770000 - 0x00007ff85e8c0000 	C:\Windows\system32\GDI32.dll
0x00007ff85bc10000 - 0x00007ff85bc25000 	C:\Windows\SYSTEM32\profapi.dll
0x00007ff859fb0000 - 0x00007ff85a062000 	C:\Windows\SYSTEM32\SHCORE.dll
0x00007ff85e730000 - 0x00007ff85e766000 	C:\Windows\system32\IMM32.DLL
0x00007ff85e8c0000 - 0x00007ff85ea12000 	C:\Windows\system32\MSCTF.dll
0x00007ff85bbc0000 - 0x00007ff85bbf1000 	C:\Windows\system32\nvinitx.dll
0x00007ff85bbb0000 - 0x00007ff85bbba000 	C:\Windows\SYSTEM32\VERSION.dll
0x000000000f000000 - 0x000000000f006000 	C:\Program Files\NVIDIA Corporation\CoProcManager\_etoured.dll
0x00007ff85a350000 - 0x00007ff85a381000 	C:\Program Files\NVIDIA Corporation\CoProcManager\nvd3d9wrapx.dll
0x00007ff85dad0000 - 0x00007ff85dcaa000 	C:\Windows\system32\SETUPAPI.dll
0x00007ff85bf30000 - 0x00007ff85bf7f000 	C:\Windows\system32\CFGMGR32.dll
0x00007ff85a320000 - 0x00007ff85a342000 	C:\Program Files\NVIDIA Corporation\CoProcManager\nvdxgiwrapx.dll
0x00007ff859b30000 - 0x00007ff859dab000 	C:\Windows\WinSxS\amd64_microsoft.windows.common-controls_6595b64144ccf1df_6.0.9600.18006_none_623f33d3ecbe86e8\COMCTL32.dll
0x00007ff85b8f0000 - 0x00007ff85b986000 	C:\Windows\system32\guard64.dll
0x00007ff85e1b0000 - 0x00007ff85e1b7000 	C:\Windows\system32\PSAPI.DLL
0x00007ff85b8e0000 - 0x00007ff85b8ea000 	C:\Windows\SYSTEM32\fltlib.dll
0x00007ff85b890000 - 0x00007ff85b8c2000 	C:\Windows\SYSTEM32\ntmarta.dll
0x0000000064810000 - 0x00000000648e2000 	C:\Program Files\Java\jdk1.8.0_25\jre\bin\msvcr100.dll
0x0000000064c90000 - 0x00000000654ea000 	C:\Program Files\Java\jdk1.8.0_25\jre\bin\server\jvm.dll
0x00007ff853ab0000 - 0x00007ff853ab9000 	C:\Windows\SYSTEM32\WSOCK32.dll
0x00007ff857da0000 - 0x00007ff857dc2000 	C:\Windows\SYSTEM32\WINMM.dll
0x00000000028e0000 - 0x000000000293a000 	C:\Windows\system32\WS2_32.dll
0x00007ff857d60000 - 0x00007ff857d8a000 	C:\Windows\SYSTEM32\WINMMBASE.dll
0x0000000002940000 - 0x0000000002949000 	C:\Windows\system32\NSI.dll
0x00007ff85a8c0000 - 0x00007ff85a8e8000 	C:\Windows\SYSTEM32\DEVOBJ.dll
0x0000000064c80000 - 0x0000000064c8f000 	C:\Program Files\Java\jdk1.8.0_25\jre\bin\verify.dll
0x0000000064c50000 - 0x0000000064c78000 	C:\Program Files\Java\jdk1.8.0_25\jre\bin\java.dll
0x0000000064c30000 - 0x0000000064c46000 	C:\Program Files\Java\jdk1.8.0_25\jre\bin\zip.dll
0x00007ff853020000 - 0x00007ff8531a9000 	C:\Windows\SYSTEM32\dbghelp.dll

VM Arguments:
jvm_args: -Xmx1024M -Dfile.encoding=windows-1254 -Duser.country=TR -Duser.language=tr -Duser.variant 
java_command: com.android.dx.command.Main --dex --num-threads=4 --output C:\Users\Eray\Desktop\CustomListView\app\build\intermediates\dex\debug C:\Users\Eray\Desktop\CustomListView\app\build\intermediates\classes\debug C:\Users\Eray\Desktop\CustomListView\app\build\intermediates\pre-dexed\debug\support-annotations-23.1.1-a74cdc30ebf5df28af3e9ce932cc0fd8bd69766f.jar C:\Users\Eray\Desktop\CustomListView\app\build\intermediates\pre-dexed\debug\volley-4d0f4c408f58bc0a457266c83ffd1461d20c1b76.jar C:\Users\Eray\Desktop\CustomListView\app\build\intermediates\pre-dexed\debug\internal_impl-23.1.1-41e10c92d8ba9a119c75e7a7591a96e478f0aebf.jar C:\Users\Eray\Desktop\CustomListView\app\build\intermediates\pre-dexed\debug\classes-3e7e7848bb291eea57ed304e28c8cd96ef52ba77.jar C:\Users\Eray\Desktop\CustomListView\app\build\intermediates\pre-dexed\debug\android-support-v4-e32345fcaa7f384529df7fc9d59587493bb5c491.jar C:\Users\Eray\Desktop\CustomListView\app\build\intermediates\pre-dexed\debug\classes-649e5da3d36fc431e12060c26aea714c27d09f22.jar
java_class_path (initial): C:\Users\Eray\AppData\Local\Android\sdk\build-tools\23.0.2\lib\dx.jar
Launcher Type: SUN_STANDARD

Environment Variables:
JAVA_HOME=C:\Program Files\Java\jdk1.8.0_25
CLASSPATH=.;C:\Program Files (x86)\Java\jre1.8.0_31\lib\ext\QTJava.zip
PATH=C:\Program Files (x86)\PC Connectivity Solution\;C:\ProgramData\Oracle\Java\javapath;C:\Windows\system32;C:\Windows;C:\Windows\System32\Wbem;C:\Windows\System32\WindowsPowerShell\v1.0\;C:\Program Files (x86)\Windows Kits\8.1\Windows Performance Toolkit\;C:\Program Files\Microsoft SQL Server\110\Tools\Binn\;C:\Program Files (x86)\Microsoft SDKs\TypeScript\1.0\;C:\Program Files (x86)\QuickTime\QTSystem\;C:\Program Files (x86)\Microsoft SQL Server\100\Tools\Binn\;C:\Program Files\Microsoft SQL Server\100\Tools\Binn\;C:\Program Files\Microsoft SQL Server\100\DTS\Binn\;C:\Program Files (x86)\NVIDIA Corporation\PhysX\Common;C:\xampp\php;C:\ProgramData\ComposerSetup\bin;C:\Program Files (x86)\Skype\Phone\;C:\Users\Eray\AppData\Local\Programs\Python\Python35\Scripts\;C:\Users\Eray\AppData\Local\Programs\Python\Python35\;C:\Program Files\IDM Computer Solutions\UltraFinder\
USERNAME=Eray
OS=Windows_NT
PROCESSOR_IDENTIFIER=Intel64 Family 6 Model 58 Stepping 9, GenuineIntel



---------------  S Y S T E M  ---------------

OS: Windows 8.1 , 64 bit Build 9600 

CPU:total 8 (4 cores per cpu, 2 threads per core) family 6 model 58 stepping 9, cmov, cx8, fxsr, mmx, sse, sse2, sse3, ssse3, sse4.1, sse4.2, popcnt, avx, aes, clmul, erms, ht, tsc, tscinvbit, tscinv

Memory: 4k page, physical 16660064k(2818424k free), swap 16660064k(14856k free)

vm_info: Java HotSpot(TM) 64-Bit Server VM (25.25-b02) for windows-amd64 JRE (1.8.0_25-b18), built on Oct  7 2014 14:25:37 by "java_re" with MS VC++ 10.0 (VS2010)

time: Thu Mar 17 03:46:32 2016
elapsed time: 22 seconds (0d 0h 0m 22s)

